<?xml version="1.0" encoding="UTF-8"?>
<testng-results ignored="0" total="3" passed="3" failed="0" skipped="0">
  <reporter-output>
  </reporter-output>
  <suite started-at="2023-12-27T13:11:33 UYT" name="Pet Store Tests" finished-at="2023-12-27T13:11:44 UYT" duration-ms="10720">
    <groups>
    </groups>
    <test started-at="2023-12-27T13:11:33 UYT" name="Add Pet to the Store" finished-at="2023-12-27T13:11:41 UYT" duration-ms="8107">
      <class name="addPet">
        <test-method signature="postAddPet()[pri:0, instance:addPet@24fabd0f]" started-at="2023-12-27T13:11:33 UYT" name="postAddPet" finished-at="2023-12-27T13:11:41 UYT" duration-ms="7736" status="PASS">
          <reporter-output>
          </reporter-output>
        </test-method> <!-- postAddPet -->
      </class> <!-- addPet -->
    </test> <!-- Add Pet to the Store -->
    <test started-at="2023-12-27T13:11:41 UYT" name="Find Pet by Id" finished-at="2023-12-27T13:11:42 UYT" duration-ms="1267">
      <class name="findPet">
        <test-method signature="getFindPet()[pri:0, instance:findPet@257cc1fc]" started-at="2023-12-27T13:11:41 UYT" name="getFindPet" finished-at="2023-12-27T13:11:42 UYT" duration-ms="1245" status="PASS">
          <reporter-output>
          </reporter-output>
        </test-method> <!-- getFindPet -->
      </class> <!-- findPet -->
    </test> <!-- Find Pet by Id -->
    <test started-at="2023-12-27T13:11:42 UYT" name="Adding Pet" finished-at="2023-12-27T13:11:44 UYT" duration-ms="1260">
      <class name="updatePet">
        <test-method signature="putModifyPet()[pri:0, instance:updatePet@99a78d7]" started-at="2023-12-27T13:11:42 UYT" name="putModifyPet" finished-at="2023-12-27T13:11:44 UYT" duration-ms="1255" status="PASS">
          <reporter-output>
          </reporter-output>
        </test-method> <!-- putModifyPet -->
      </class> <!-- updatePet -->
    </test> <!-- Adding Pet -->
  </suite> <!-- Pet Store Tests -->
</testng-results>
